[17:17:36] INFO  === process_rdps.py v2.2 ===
[17:17:36] INFO  RDP: /sessions/wizardly-funny-ritchie/mnt/Acompanhamento de projeto/RDP | OUT: /sessions/wizardly-funny-ritchie/mnt/Acompanhamento de projeto/dashboard_v2/data
[17:17:37] INFO  Pessoas: 51 | Projetos: 1470
[17:17:37] INFO  Datas alvo: ['2026-04-30']
[17:17:37] INFO  Arquivos: 26
[17:17:37] INFO  -> 2026-04-30_2502_C10257_PRJ48289 _RDP_SEC_Andre Chacon .pdf
[17:17:37] INFO     pendencias: 0 | participantes: ['Andre Chacon da Silveira']
[17:17:37] INFO  -> Aena Recife - Print tags repetidas - 2026.04.30.docx
[17:17:37] INFO     pendencias: 0 | participantes: []
[17:17:37] INFO  -> Aena Recife - Prints sensores SDAI sem tags - R01 - 2026.04.30.docx
[17:17:37] WARN  sem texto: Aena Recife - Prints sensores SDAI sem tags - R01 - 2026.04.30.docx
[17:17:37] INFO  -> ASV49919_2026-04-27_RDP_(BMS)_Cleiton Vieira.pdf
[17:17:38] INFO     pendencias: 0 | participantes: ['Cleiton Henrique da Silva Vieira', 'Eric de Oliveira Morais']
[17:17:38] INFO  -> PRJ16598_2026-04-29_RDP_(SEG)_Edison Shiobara.docx
[17:17:38] INFO     pendencias: 0 | participantes: ['Edison Hideki Shiobara']
[17:17:38] INFO  -> PRJ16598_2026-04-30_RDP_(SEG)_Edison Shiobara.docx
[17:17:38] INFO     pendencias: 0 | participantes: ['Edison Hideki Shiobara']
[17:17:38] INFO  -> PRJ22062_2026-04-29_RDP_(SEC)_SergioOliveira.docx
[17:17:38] INFO     pendencias: 0 | participantes: ['Sergio Henrique Ferreira de Oliveira']
[17:17:38] INFO  -> PRJ22499_2026-04-29_RDP_(BMS)_Noélio de Brito Oliveira.pdf
[17:17:39] INFO     pendencias: 0 | participantes: ['Noelio de Brito Oliveira', 'Matheus de Sousa Damico', 'Gislan Almeida dos Santos', 'Guilherme Ariz da Silva']
[17:17:39] INFO  -> PRJ34683_2026-04-29_RDP_(AV)_Fabio Araujo.docx
[17:17:39] INFO     pendencias: 0 | participantes: ['Fabio Araujo e Felipe Santos']
[17:17:39] INFO  -> PRJ34683_2026-04-30_RDP_(AV)_Fabio Araujo.docx
[17:17:39] INFO     pendencias: 0 | participantes: ['Fabio Araujo e Felipe Santos']
[17:17:39] INFO  -> PRJ38381_2026-04-29_RDP_(BMS)_Cleiton Vieira.pdf
[17:17:40] INFO     pendencias: 0 | participantes: ['Cleiton Henrique da Silva Vieira']
[17:17:40] INFO  -> PRJ42188_2026-04-30_RDP_(SEG)_EDUARDO MOTA_CFTV.pdf
[17:17:40] INFO     pendencias: 1 | participantes: ['Eduardo da Purificacao Mota dos Santos']
[17:17:40] INFO  -> PRJ42548_2026-04-29_RDP_SEG_Salathiel_Martins.pdf
[17:17:41] INFO     pendencias: 0 | participantes: ['Salathiel da Silva Martins']
[17:17:41] INFO  -> PRJ45503_2026-04-30_RDP_(BMS)_Renan Almeida.pdf
[17:17:42] INFO     pendencias: 0 | participantes: ['Renan Silva Almeida', 'Larissa Isabelle da Silva']
[17:17:42] INFO  -> PRJ45819_2026-04-30_RDP_(BMS)_THIAGO BORGES.pdf
[17:17:43] INFO     pendencias: 0 | participantes: ['Thiago Henrique Nunes Borges']
[17:17:43] INFO  -> PRJ46618_2026-04-29_RDP_(SEG)_Michel Sato.docx
[17:17:43] INFO     pendencias: 1 | participantes: ['Michel Kenji Sato', 'Cassius Mariano']
[17:17:43] INFO  -> PRJ46618_2026-04-30_RDP_(SEG)_Michel Sato.docx
[17:17:43] INFO     pendencias: 0 | participantes: ['Michel Kenji Sato', 'Cassius Mariano']
[17:17:43] INFO  -> PRJ47108_2026-04-30_RDP_(SDAI)_Jeilan Lima.pdf
[17:17:43] INFO     pendencias: 0 | participantes: ['Jeilan Souza de Lima', 'Pedro Joab']
[17:17:43] INFO  -> PRJ53722_2026-04-24_RDP_(SDAI)_RODRIGO DE OLIVEIRA SOUSA.pdf
[17:17:44] INFO     pendencias: 0 | participantes: ['Rodrigo de Oliveira Sousa', 'Lindemberg Silva do Carmo Junior', 'Teylor Soares da Silva Garibaldi Pereira']
[17:17:44] INFO  -> PRJ53722_2026-04-29_RDP_(BMS)_Teylor Garibaldi.pdf
[17:17:45] INFO     pendencias: 54 | participantes: ['Teylor Soares da Silva Garibaldi Pereira', 'Lindemberg Silva do Carmo Junior', 'Wesley Gomes Vieira']
[17:17:45] INFO  -> PRJ53722_2026-04-29_RDP_(SDAI)_RODRIGO DE OLIVEIRA SOUSA.pdf
[17:17:46] INFO     pendencias: 0 | participantes: ['Rodrigo de Oliveira Sousa']
[17:17:46] INFO  -> PRJ53722_2026-04-30_RDP_(BMS)_Alfredo da Silveira.pdf
[17:17:47] INFO     pendencias: 0 | participantes: ['Alfredo da Silveira']
[17:17:47] INFO  -> PRJ53722_2026-04-30_RDP_(BMS)_Teylor Garibaldi.pdf
[17:17:48] INFO     pendencias: 22 | participantes: ['Teylor Soares da Silva Garibaldi Pereira', 'Lindemberg Silva do Carmo Junior', 'Wesley Gomes Vieira']
[17:17:48] INFO  -> PRJ53722_2026-04-30_RDP_(Security)_Luiz Navero - R02.docx
[17:17:48] INFO     pendencias: 0 | participantes: ['Luiz Eduardo Rodrigues Navero']
[17:17:48] INFO  -> PRJ55924_2026-30-04_RDP_(AV)_Augusto-Valle.pdf
[17:17:48] INFO     pendencias: 1 | participantes: ['Augusto Cesar Flocco Valle', 'Caio Vinicius de Almeida', 'Edmilso Souza', 'Giovane Maino']
[17:17:48] INFO  -> Procedimento_Report_Alarmes.pdf
[17:17:49] INFO     pendencias: 0 | participantes: []
[17:17:49] INFO  Estruturados: 25