[13:32:23] INFO  === process_rdps.py v2.2 ===
[13:32:23] INFO  RDP: /sessions/exciting-great-cori/mnt/Acompanhamento de projeto/RDP | OUT: /sessions/exciting-great-cori/mnt/Acompanhamento de projeto/dashboard_v2/data
[13:32:23] INFO  Pessoas: 53 | Projetos: 1470
[13:32:23] INFO  Datas alvo: ['2026-05-05']
[13:32:23] INFO  Arquivos: 11
[13:32:23] INFO  -> PRJ PRJ25026 - PRJ53722_2026-05-04_RDP_(Security)_Luiz Navero - R02.docx
[13:32:23] INFO     pendencias: 0 | participantes: ['Luiz Eduardo Rodrigues Navero']
[13:32:23] INFO  -> PRJ29927-2026-05-05_RDP_(BMS)_Vinicius Nascimento.pdf
[13:32:24] INFO     pendencias: 0 | participantes: ['Vinicius do Nascimento', 'Muriel Panegassi Carletti']
[13:32:24] INFO  -> PRJ29927_2026-05-04_RDP_(AV)_Jean Kevyn Correia Pessoa.docx
[13:32:24] INFO     pendencias: 1 | participantes: ['Jean Kevyn Correia Pessoa']
[13:32:24] INFO  -> PRJ32503_2026-05-04_RDP_(SDAI)_DAVISON CAMPOS.pdf
[13:32:25] INFO     pendencias: 3 | participantes: ['Davison Campos', 'MICHAEL MONTEIRO', 'DENIS NOBRE']
[13:32:25] INFO  -> PRJ35873-2026-04-05_RDP_(BMS)_Renan_Silva.pdf
[13:32:26] INFO     pendencias: 7 | participantes: ['Renan de Souza Silva', 'Jennifer Sousa da Silva', 'Thiago Berzin Telles']
[13:32:26] INFO  -> PRJ45503_2026-04-29_RDP_(BMS)_João Viana.pdf
[13:32:32] INFO     pendencias: 0 | participantes: ['Joao Victor Sousa Viana']
[13:32:32] INFO  -> PRJ47108_2026-05-05_RDP_(SDAI)_Jeilan Lima.pdf
[13:32:33] INFO     pendencias: 0 | participantes: ['Jeilan Souza de Lima']
[13:32:33] INFO  -> PRJ53722_2026-05-04_RDP_(BMS)_Teylor Garibaldi.pdf
[13:32:34] INFO     pendencias: 32 | participantes: ['Teylor Soares da Silva Garibaldi Pereira', 'Lindemberg Silva do Carmo Junior', 'Wesley Gomes Vieira']
[13:32:34] INFO  -> PRJ53722_2026-05-04_RDP_(BMS)_THIAGO BORGES.pdf
[13:32:35] INFO     pendencias: 0 | participantes: ['Thiago Henrique Nunes Borges']
[13:32:35] INFO  -> PRJ57394_2026-05-04_RDP_(SEG)_Tiago_Alves_Dutra.pdf
[13:32:35] INFO     pendencias: 0 | participantes: ['Tiago Alves Dutra']
[13:32:35] INFO  -> PRJ59935_2026-04-30_RDP_SEG_Salathiel_Martins.pdf
[13:32:36] INFO     pendencias: 1 | participantes: ['Salathiel da Silva Martins']
[13:32:36] INFO  Estruturados: 11