[13:48:57] INFO  === process_rdps.py v2.2 ===
[13:48:57] INFO  RDP: /sessions/exciting-great-cori/mnt/Acompanhamento de projeto/RDP | OUT: /sessions/exciting-great-cori/mnt/Acompanhamento de projeto/dashboard_v2/data
[13:48:57] INFO  Pessoas: 51 | Projetos: 1470
[13:48:57] INFO  Datas alvo: ['2026-05-08', '2026-05-09']
[13:48:57] WARN  sem pasta /sessions/exciting-great-cori/mnt/Acompanhamento de projeto/RDP/2026-05-09
[13:48:57] INFO  Arquivos: 25
[13:48:57] INFO  -> 2511_C06295_CTR59356_2026-05-08_RDP_(Security)_Jonilson Campos - R02.docx
[13:48:58] INFO     pendencias: 0 | participantes: ['Jonilson Lopes Campos Filho']
[13:48:58] INFO  -> Device Maintenance  Reports_Odata RJ - Testes - 2026.05.08.pdf
[13:48:58] INFO     pendencias: 0 | participantes: []
[13:48:58] INFO  -> Lista de Verificação - SDAI - 2026.05.08.pdf
[13:49:00] INFO     pendencias: 0 | participantes: []
[13:49:00] INFO  -> PRJ29927-2026-05-08_RDP_(BMS)_Vinicius Nascimento.pdf
[13:49:01] INFO     pendencias: 0 | participantes: ['Vinicius do Nascimento', 'Muriel Panegassi Carletti']
[13:49:01] INFO  -> PRJ29927_2026-05-07_RDP_(AV)_Jean Kevyn Correia Pessoa.docx
[13:49:01] INFO     pendencias: 4 | participantes: ['Jean Kevyn Correia Pessoa', 'Gislan Almeida dos Santos', 'Eduardo da Purificacao Mota dos Santos']
[13:49:01] INFO  -> PRJ29927_2026-05-08_RDP_(AV)_Jean Kevyn Correia Pessoa.docx
[13:49:01] INFO     pendencias: 0 | participantes: ['Jean Kevyn Correia Pessoa', 'Gislan Almeida dos Santos', 'Eduardo da Purificacao Mota dos Santos']
[13:49:01] INFO  -> PRJ32503_2026-05-07_RDP_(SDAI)_DAVISON CAMPOS.pdf
[13:49:02] INFO     pendencias: 3 | participantes: ['Davison Campos', 'MICHAEL MONTEIRO', 'DENIS NOBRE']
[13:49:02] INFO  -> PRJ34216_2026-05-08_RDP_(BMS)_JhonatanAtaide.pdf
[13:49:02] INFO     pendencias: 0 | participantes: ['Jhonatan Camara de Ataide']
[13:49:02] INFO  -> PRJ40574_2026-05-08_RDP_(SDAI)_Miguel Meyer - R00.docx
[13:49:03] INFO     pendencias: 0 | participantes: ['Miguel Felix Meyer']
[13:49:03] INFO  -> PRJ40574_2026-05-08_RDP_(SDAI)_Miguel Meyer - R00.pdf
[13:49:03] INFO     pendencias: 0 | participantes: ['Miguel Felix Meyer']
[13:49:03] INFO  -> PRJ42548_2026-05-07_RDP_SEG_Salathiel_Martins.pdf
[13:49:04] INFO     pendencias: 0 | participantes: ['Salathiel da Silva Martins']
[13:49:04] INFO  -> PRJ45503_2026-05-07_RDP_(SDAI)_João Viana.pdf
[13:49:04] INFO     pendencias: 0 | participantes: ['Joao Victor Sousa Viana']
[13:49:04] INFO  -> PRJ45503_2026-05-08_RDP_(BMS)_Renan Almeida.pdf
[13:49:05] INFO     pendencias: 0 | participantes: ['Renan Silva Almeida', 'Larissa Isabelle da Silva']
[13:49:05] INFO  -> PRJ45503_2026-05-08_RDP_(SDAI)_João Viana.pdf
[13:49:06] INFO     pendencias: 0 | participantes: ['Joao Victor Sousa Viana']
[13:49:06] INFO  -> PRJ47108_2026-05-06_RDP_(BMS)_Thiago Berzin Telles.pdf
[13:49:07] INFO     pendencias: 1 | participantes: ['Thiago Berzin Telles', 'Jennifer Sousa da Silva']
[13:49:07] INFO  -> PRJ47108_2026-05-07_RDP_(BMS)_Thiago Berzin Telles.pdf
[13:49:08] INFO     pendencias: 1 | participantes: ['Thiago Berzin Telles', 'Jennifer Sousa da Silva']
[13:49:08] INFO  -> PRJ47108_2026-05-08_RDP_(BMS)_Thiago Berzin Telles.pdf
[13:49:09] INFO     pendencias: 1 | participantes: ['Thiago Berzin Telles', 'Jennifer Sousa da Silva']
[13:49:09] INFO  -> PRJ48289_2026-05-08_2502_C10257 _RDP_SEC_Andre Chacon .pdf
[13:49:09] INFO     pendencias: 0 | participantes: ['Andre Chacon da Silveira']
[13:49:09] INFO  -> PRJ49550_2026-05-08_2509_C09677_RDP_(SEC)_Andre Chacon.pdf
[13:49:09] INFO     pendencias: 0 | participantes: ['Andre Chacon da Silveira']
[13:49:09] INFO  -> PRJ53722_2026-05-07_RDP_(BMS)_Alfredo da Silveira.pdf
[13:49:10] INFO     pendencias: 0 | participantes: ['Alfredo da Silveira']
[13:49:10] INFO  -> PRJ53722_2026-05-08_RDP_(BMS)_Alfredo da Silveira.pdf
[13:49:11] INFO     pendencias: 0 | participantes: ['Alfredo da Silveira']
[13:49:11] INFO  -> PRJ53722_2026-05-08_RDP_(SDAI)_RODRIGO DE OLIVEIRA SOUSA.pdf
[13:49:11] INFO     pendencias: 0 | participantes: ['Rodrigo de Oliveira Sousa']
[13:49:11] INFO  -> PRJ55924_2026-08-05_RDP_(AV)_Augusto-Valle.pdf
[13:49:11] INFO     pendencias: 0 | participantes: ['Augusto Cesar Flocco Valle', 'Marcio Leandro', 'Miguel Felix Meyer', 'Cristian Elvis', 'Giovane Maino']
[13:49:11] INFO  -> PRJ57394_2026-05-07_RDP_(SEG)_Tiago_Alves_Dutra.pdf
[13:49:12] INFO     pendencias: 0 | participantes: ['Tiago Alves Dutra']
[13:49:12] INFO  -> PRJ57394_2026-05-08_RDP_(SEG)_Tiago_Alves_Dutra.pdf
[13:49:13] INFO     pendencias: 0 | participantes: ['Tiago Alves Dutra']
[13:49:13] INFO  Estruturados: 25