[21:03:11] INFO  === process_rdps.py v2.2 ===
[21:03:11] INFO  RDP: /sessions/exciting-great-cori/mnt/Acompanhamento de projeto/RDP | OUT: /sessions/exciting-great-cori/mnt/Acompanhamento de projeto/dashboard_v2/data
[21:03:11] INFO  Pessoas: 51 | Projetos: 1470
[21:03:11] INFO  Datas alvo: ['2026-05-08', '2026-05-09']
[21:03:11] INFO  Arquivos: 26
[21:03:11] INFO  -> 2511_C06295_CTR59356_2026-05-08_RDP_(Security)_Jonilson Campos - R02.docx
[21:03:11] INFO     pendencias: 0 | participantes: ['Jonilson Lopes Campos Filho']
[21:03:11] INFO  -> Device Maintenance  Reports_Odata RJ - Testes - 2026.05.08.pdf
[21:03:12] INFO     pendencias: 0 | participantes: []
[21:03:12] INFO  -> Lista de Verificação - SDAI - 2026.05.08.pdf
[21:03:14] INFO     pendencias: 0 | participantes: []
[21:03:14] INFO  -> PRJ29927-2026-05-08_RDP_(BMS)_Vinicius Nascimento.pdf
[21:03:15] INFO     pendencias: 0 | participantes: ['Vinicius do Nascimento', 'Muriel Panegassi Carletti']
[21:03:15] INFO  -> PRJ29927_2026-05-07_RDP_(AV)_Jean Kevyn Correia Pessoa.docx
[21:03:15] INFO     pendencias: 4 | participantes: ['Jean Kevyn Correia Pessoa', 'Gislan Almeida dos Santos', 'Eduardo da Purificacao Mota dos Santos']
[21:03:15] INFO  -> PRJ29927_2026-05-08_RDP_(AV)_Jean Kevyn Correia Pessoa.docx
[21:03:15] INFO     pendencias: 0 | participantes: ['Jean Kevyn Correia Pessoa', 'Gislan Almeida dos Santos', 'Eduardo da Purificacao Mota dos Santos']
[21:03:15] INFO  -> PRJ32503_2026-05-07_RDP_(SDAI)_DAVISON CAMPOS.pdf
[21:03:16] INFO     pendencias: 3 | participantes: ['Davison Campos', 'MICHAEL MONTEIRO', 'DENIS NOBRE']
[21:03:16] INFO  -> PRJ34216_2026-05-08_RDP_(BMS)_JhonatanAtaide.pdf
[21:03:17] INFO     pendencias: 0 | participantes: ['Jhonatan Camara de Ataide']
[21:03:17] INFO  -> PRJ40574_2026-05-08_RDP_(SDAI)_Miguel Meyer - R00.docx
[21:03:17] INFO     pendencias: 0 | participantes: ['Miguel Felix Meyer']
[21:03:17] INFO  -> PRJ40574_2026-05-08_RDP_(SDAI)_Miguel Meyer - R00.pdf
[21:03:17] INFO     pendencias: 0 | participantes: ['Miguel Felix Meyer']
[21:03:17] INFO  -> PRJ42548_2026-05-07_RDP_SEG_Salathiel_Martins.pdf
[21:03:18] INFO     pendencias: 0 | participantes: ['Salathiel da Silva Martins']
[21:03:18] INFO  -> PRJ45503_2026-05-07_RDP_(SDAI)_João Viana.pdf
[21:03:19] INFO     pendencias: 0 | participantes: ['Joao Victor Sousa Viana']
[21:03:19] INFO  -> PRJ45503_2026-05-08_RDP_(BMS)_Renan Almeida.pdf
[21:03:20] INFO     pendencias: 0 | participantes: ['Renan Silva Almeida', 'Larissa Isabelle da Silva']
[21:03:20] INFO  -> PRJ45503_2026-05-08_RDP_(SDAI)_João Viana.pdf
[21:03:21] INFO     pendencias: 0 | participantes: ['Joao Victor Sousa Viana']
[21:03:21] INFO  -> PRJ47108_2026-05-06_RDP_(BMS)_Thiago Berzin Telles.pdf
[21:03:22] INFO     pendencias: 1 | participantes: ['Thiago Berzin Telles', 'Jennifer Sousa da Silva']
[21:03:22] INFO  -> PRJ47108_2026-05-07_RDP_(BMS)_Thiago Berzin Telles.pdf
[21:03:23] INFO     pendencias: 1 | participantes: ['Thiago Berzin Telles', 'Jennifer Sousa da Silva']
[21:03:23] INFO  -> PRJ47108_2026-05-08_RDP_(BMS)_Thiago Berzin Telles.pdf
[21:03:23] INFO     pendencias: 1 | participantes: ['Thiago Berzin Telles', 'Jennifer Sousa da Silva']
[21:03:23] INFO  -> PRJ48289_2026-05-08_2502_C10257 _RDP_SEC_Andre Chacon .pdf
[21:03:24] INFO     pendencias: 0 | participantes: ['Andre Chacon da Silveira']
[21:03:24] INFO  -> PRJ49550_2026-05-08_2509_C09677_RDP_(SEC)_Andre Chacon.pdf
[21:03:24] INFO     pendencias: 0 | participantes: ['Andre Chacon da Silveira']
[21:03:24] INFO  -> PRJ53722_2026-05-07_RDP_(BMS)_Alfredo da Silveira.pdf
[21:03:25] INFO     pendencias: 0 | participantes: ['Alfredo da Silveira']
[21:03:25] INFO  -> PRJ53722_2026-05-08_RDP_(BMS)_Alfredo da Silveira.pdf
[21:03:26] INFO     pendencias: 0 | participantes: ['Alfredo da Silveira']
[21:03:26] INFO  -> PRJ53722_2026-05-08_RDP_(SDAI)_RODRIGO DE OLIVEIRA SOUSA.pdf
[21:03:26] INFO     pendencias: 0 | participantes: ['Rodrigo de Oliveira Sousa']
[21:03:26] INFO  -> PRJ55924_2026-05-08_RDP_(AV)_Augusto-Valle.pdf
[21:03:27] INFO     pendencias: 0 | participantes: ['Augusto Cesar Flocco Valle', 'Marcio Leandro', 'Miguel Felix Meyer', 'Cristian Elvis', 'Giovane Maino']
[21:03:27] INFO  -> PRJ57394_2026-05-07_RDP_(SEG)_Tiago_Alves_Dutra.pdf
[21:03:27] INFO     pendencias: 0 | participantes: ['Tiago Alves Dutra']
[21:03:27] INFO  -> PRJ57394_2026-05-08_RDP_(SEG)_Tiago_Alves_Dutra.pdf
[21:03:28] INFO     pendencias: 0 | participantes: ['Tiago Alves Dutra']
[21:03:28] INFO  -> 2511_C06295_CTR59356_2026-05-09_RDP_(Security)_Jonilson Campos - R02.docx
[21:03:28] INFO     pendencias: 0 | participantes: ['Jonilson Lopes Campos Filho']
[21:03:28] INFO  Estruturados: 26