[13:23:48] INFO  === process_rdps.py v2.2 ===
[13:23:48] INFO  RDP: /sessions/exciting-great-cori/mnt/Acompanhamento de projeto/RDP | OUT: /sessions/exciting-great-cori/mnt/Acompanhamento de projeto/dashboard_v2/data
[13:23:48] INFO  Pessoas: 51 | Projetos: 1470
[13:23:48] INFO  Datas alvo: ['2026-05-12', '2026-05-13']
[13:23:48] INFO  Arquivos: 28
[13:23:48] INFO  -> CTR20593_2026-05-11_RDP_(SEG)_Michel Sato.docx
[13:23:48] INFO     pendencias: 0 | participantes: ['Michel Kenji Sato', 'Guilherme Ariz da Silva', 'Rafael Martins Lacerda']
[13:23:48] INFO  -> CTR55040_2026-05-11_RDP_(BMS)_THIAGO BORGES.pdf
[13:23:49] INFO     pendencias: 3 | participantes: ['Thiago Henrique Nunes Borges']
[13:23:49] INFO  -> MONIN-PRE-SCA-GER-MO-R02.pdf
[13:23:52] INFO     pendencias: 3 | participantes: []
[13:23:52] INFO  -> PRJ22499_2026-05-11_RDP_(BMS)_Noélio de Brito Oliveira.pdf
[13:23:52] INFO     pendencias: 0 | participantes: ['Noelio de Brito Oliveira', 'Matheus de Sousa Damico', 'Gislan Almeida dos Santos']
[13:23:52] INFO  -> PRJ29927-2026-05-12_RDP_(BMS)_Vinicius Nascimento.pdf
[13:23:53] INFO     pendencias: 0 | participantes: ['Vinicius do Nascimento']
[13:23:53] INFO  -> PRJ29927_2026-05-11_RDP_(AV)_Jean Kevyn Correia Pessoa.docx
[13:23:53] INFO     pendencias: 0 | participantes: ['Jean Kevyn Correia Pessoa', 'Gislan Almeida dos Santos', 'Eduardo da Purificacao Mota dos Santos']
[13:23:53] INFO  -> PRJ29927_2026-05-11_RDP_(SEG)_Michel Sato.docx
[13:23:53] INFO     pendencias: 1 | participantes: ['Michel Kenji Sato', 'Eduardo da Purificacao Mota dos Santos']
[13:23:53] INFO  -> PRJ31386-2026-05-12_RDP_(SDAI)_Vinicius Nascimento.pdf
[13:23:54] INFO     pendencias: 0 | participantes: ['Vinicius do Nascimento']
[13:23:54] INFO  -> PRJ32503_2026-05-11_RDP_(SDAI)_DAVISON CAMPOS.pdf
[13:23:55] INFO     pendencias: 7 | participantes: ['Davison Campos', 'MICHAEL JOSÉ MONTEIRO']
[13:23:55] INFO  -> PRJ42188_2026-12_5_RDP_(SEG)_EDUARDO MOTA_SCA.pdf
[13:23:55] INFO     pendencias: 1 | participantes: ['Eduardo da Purificacao Mota dos Santos']
[13:23:55] INFO  -> PRJ42548_2026-05-11_RDP_SEG_Salathiel_Martins.pdf
[13:23:56] INFO     pendencias: 0 | participantes: ['Salathiel da Silva Martins']
[13:23:56] INFO  -> PRJ45503_2026-05-11_RDP_(BMS)_Renan Almeida.pdf
[13:23:56] INFO     pendencias: 0 | participantes: ['Renan Silva Almeida', 'Larissa Isabelle da Silva']
[13:23:56] INFO  -> PRJ45503_2026-05-12_RDP_(BMS)_Renan Almeida.pdf
[13:23:57] INFO     pendencias: 5 | participantes: ['Renan Silva Almeida', 'Larissa Isabelle da Silva']
[13:23:57] INFO  -> PRJ46618_2026-05-12_RDP_(SEC)_SergioOliveira.docx
[13:23:57] INFO     pendencias: 1 | participantes: ['Sergio Henrique Ferreira de Oliveira']
[13:23:57] INFO  -> PRJ47108_2026-05-11_RDP_(BMS)_Thiago Berzin Telles.pdf
[13:23:58] INFO     pendencias: 1 | participantes: ['Thiago Berzin Telles', 'Jennifer Sousa da Silva']
[13:23:58] INFO  -> PRJ53653_2026-05-11_RDP_(SEG)_Michel Sato.docx
[13:23:58] INFO     pendencias: 0 | participantes: ['Michel Kenji Sato', 'Guilherme Ariz da Silva']
[13:23:58] INFO  -> PRJ57394_2026-05-11_RDP_(SEG)_Tiago_Alves_Dutra.pdf
[13:23:59] INFO     pendencias: 0 | participantes: ['Tiago Alves Dutra']
[13:23:59] INFO  -> PRJ57394_2026-05-12_RDP_(SEG)_Tiago_Alves_Dutra.pdf
[13:24:00] INFO     pendencias: 0 | participantes: ['Tiago Alves Dutra']
[13:24:00] INFO  -> PRJ59747_2026-05-12_RDP_(SEG)_Michel Sato.docx
[13:24:00] INFO     pendencias: 0 | participantes: ['Michel Kenji Sato']
[13:24:00] INFO  -> PRJ59946_2026-05-08_RDP_(AV)_PAULO_SERGIO_DE_JESUS_FERNANDES - R02.docx
[13:24:00] INFO     pendencias: 0 | participantes: ['Paulo Sergio de Jesus Fernandes', 'Leonardo da Silva Rodrigues', 'Renan de Souza Silva']
[13:24:00] INFO  -> PRJ59946_2026-05-11_RDP_(AV)_PAULO_SERGIO_DE_JESUS_FERNANDES - R02.docx
[13:24:00] INFO     pendencias: 0 | participantes: ['Paulo Sergio de Jesus Fernandes', 'Leonardo da Silva Rodrigues', 'Renan de Souza Silva', 'EXPEDITO ARAUJO', 'HENRIQUE FARIA', 'Salathiel da Silva Martins', 'YAN FORTES']
[13:24:00] INFO  -> SENAC_CTR50136_2026-12-05_RDP_(AV)_Augusto-Valle.pdf
[13:24:00] INFO     pendencias: 0 | participantes: ['Augusto Cesar Flocco Valle', 'Salathiel da Silva Martins']
[13:24:00] INFO  -> PRJ22499_2026-05-12_RDP_(BMS)_Noélio de Brito Oliveira.pdf
[13:24:01] INFO     pendencias: 0 | participantes: ['Noelio de Brito Oliveira', 'Matheus de Sousa Damico', 'Gislan Almeida dos Santos']
[13:24:01] INFO  -> PRJ29927_2026-05-12_RDP_(AV)_Jean Kevyn Correia Pessoa.docx
[13:24:01] INFO     pendencias: 0 | participantes: ['Jean Kevyn Correia Pessoa', 'Gislan Almeida dos Santos', 'Eduardo da Purificacao Mota dos Santos']
[13:24:01] INFO  -> PRJ31386_2026-05-12_RDP_(SDAI)_RODRIGO DE OLIVEIRA SOUSA.pdf
[13:24:02] INFO     pendencias: 0 | participantes: ['Rodrigo de Oliveira Sousa', 'Jeilan Souza de Lima', 'Anderson Caetano de Souza Pires']
[13:24:02] INFO  -> PRJ40574_2026-05-12_RDP_SEG_Salathiel_Martins.pdf
[13:24:02] INFO     pendencias: 0 | participantes: ['Salathiel da Silva Martins']
[13:24:02] INFO  -> PRJ47108_2026-05-12_RDP_(BMS)_Thiago Berzin Telles.pdf
[13:24:03] INFO     pendencias: 1 | participantes: ['Thiago Berzin Telles', 'Jennifer Sousa da Silva']
[13:24:03] INFO  -> PRJ53722_2026-05-12_RDP_(BMS)_Teylor Garibaldi.pdf
[13:24:03] INFO     pendencias: 3 | participantes: ['Teylor Soares da Silva Garibaldi Pereira', 'Lindemberg Silva do Carmo Junior', 'Wesley Gomes Vieira']
[13:24:03] INFO  Estruturados: 28
[13:24:05] INFO  === Iniciando sincronizacao com Supabase ===
[13:24:05] ERR   Erro conectando Supabase: <urlopen error Tunnel connection failed: 403 Forbidden>